[ 2016-03-09T10:06:13+08:00 ] 127.0.0.1 /eblogbeta/Public/home/font/RobotoSlabLight.woff
INFO: [ app_init ] --START--
INFO: Run Behavior\BuildLiteBehavior [ RunTime:0.000000s ]
INFO: [ app_init ] --END-- [ RunTime:0.001000s ]
ERR: æ— æ³•åŠ è½½æ¨¡å—:Public

[ 2016-03-09T10:06:13+08:00 ] 127.0.0.1 /eblogbeta/Public/home/font/DroidSans.woff
INFO: [ app_init ] --START--
INFO: Run Behavior\BuildLiteBehavior [ RunTime:0.000000s ]
INFO: [ app_init ] --END-- [ RunTime:0.001000s ]
ERR: æ— æ³•åŠ è½½æ¨¡å—:Public

[ 2016-03-09T10:31:37+08:00 ] 127.0.0.1 /eblogbeta/Public/home/font/DroidSans.woff
INFO: [ app_init ] --START--
INFO: Run Behavior\BuildLiteBehavior [ RunTime:0.001000s ]
INFO: [ app_init ] --END-- [ RunTime:0.001000s ]
ERR: æ— æ³•åŠ è½½æ¨¡å—:Public

[ 2016-03-09T10:31:37+08:00 ] 127.0.0.1 /eblogbeta/Public/home/font/RobotoSlabLight.woff
INFO: [ app_init ] --START--
INFO: Run Behavior\BuildLiteBehavior [ RunTime:0.000000s ]
INFO: [ app_init ] --END-- [ RunTime:0.001000s ]
ERR: æ— æ³•åŠ è½½æ¨¡å—:Public

[ 2016-03-09T10:59:57+08:00 ] 127.0.0.1 /eblogbeta/Public/favicon.ico
INFO: [ app_init ] --START--
INFO: Run Behavior\BuildLiteBehavior [ RunTime:0.000000s ]
INFO: [ app_init ] --END-- [ RunTime:0.001000s ]
ERR: æ— æ³•åŠ è½½æ¨¡å—:Public

[ 2016-03-09T10:59:58+08:00 ] 127.0.0.1 /eblogbeta/Public/favicon.ico
INFO: [ app_init ] --START--
INFO: Run Behavior\BuildLiteBehavior [ RunTime:0.000000s ]
INFO: [ app_init ] --END-- [ RunTime:0.000000s ]
ERR: æ— æ³•åŠ è½½æ¨¡å—:Public

[ 2016-03-09T11:02:10+08:00 ] 127.0.0.1 /eblogbeta/Public/Admin/css/.css
INFO: [ app_init ] --START--
INFO: Run Behavior\BuildLiteBehavior [ RunTime:0.000000s ]
INFO: [ app_init ] --END-- [ RunTime:0.001000s ]
ERR: æ— æ³•åŠ è½½æ¨¡å—:Public

[ 2016-03-09T11:02:10+08:00 ] 127.0.0.1 /eblogbeta/Public/Admin/images/bg_icon.png
INFO: [ app_init ] --START--
INFO: Run Behavior\BuildLiteBehavior [ RunTime:0.000000s ]
INFO: [ app_init ] --END-- [ RunTime:0.000000s ]
ERR: æ— æ³•åŠ è½½æ¨¡å—:Public

[ 2016-03-09T11:02:10+08:00 ] 127.0.0.1 /eblogbeta/Public/Admin/images/bg/bg.png
INFO: [ app_init ] --START--
INFO: Run Behavior\BuildLiteBehavior [ RunTime:0.000000s ]
INFO: [ app_init ] --END-- [ RunTime:0.000000s ]
ERR: æ— æ³•åŠ è½½æ¨¡å—:Public

[ 2016-03-09T11:02:12+08:00 ] 127.0.0.1 /eblogbeta/Public/Admin/css/.css
INFO: [ app_init ] --START--
INFO: Run Behavior\BuildLiteBehavior [ RunTime:0.000000s ]
INFO: [ app_init ] --END-- [ RunTime:0.000000s ]
ERR: æ— æ³•åŠ è½½æ¨¡å—:Public

[ 2016-03-09T11:02:12+08:00 ] 127.0.0.1 /eblogbeta/Public/Admin/images/bg/bg.png
INFO: [ app_init ] --START--
INFO: Run Behavior\BuildLiteBehavior [ RunTime:0.001000s ]
INFO: [ app_init ] --END-- [ RunTime:0.001000s ]
ERR: æ— æ³•åŠ è½½æ¨¡å—:Public

[ 2016-03-09T11:02:12+08:00 ] 127.0.0.1 /eblogbeta/Public/Admin/images/bg_icon.png
INFO: [ app_init ] --START--
INFO: Run Behavior\BuildLiteBehavior [ RunTime:0.000000s ]
INFO: [ app_init ] --END-- [ RunTime:0.001000s ]
ERR: æ— æ³•åŠ è½½æ¨¡å—:Public

[ 2016-03-09T11:02:56+08:00 ] 127.0.0.1 /eblogbeta/Public/Admin/images/bg.png
INFO: [ app_init ] --START--
INFO: Run Behavior\BuildLiteBehavior [ RunTime:0.000000s ]
INFO: [ app_init ] --END-- [ RunTime:0.001000s ]
ERR: æ— æ³•åŠ è½½æ¨¡å—:Public

[ 2016-03-09T11:02:56+08:00 ] 127.0.0.1 /eblogbeta/Public/Admin/images/bg_icon.png
INFO: [ app_init ] --START--
INFO: Run Behavior\BuildLiteBehavior [ RunTime:0.000000s ]
INFO: [ app_init ] --END-- [ RunTime:0.001000s ]
ERR: æ— æ³•åŠ è½½æ¨¡å—:Public

[ 2016-03-09T11:02:57+08:00 ] 127.0.0.1 /eblogbeta/Public/Admin/images/bg_icon.png
INFO: [ app_init ] --START--
INFO: Run Behavior\BuildLiteBehavior [ RunTime:0.000000s ]
INFO: [ app_init ] --END-- [ RunTime:0.000000s ]
ERR: æ— æ³•åŠ è½½æ¨¡å—:Public

[ 2016-03-09T11:02:57+08:00 ] 127.0.0.1 /eblogbeta/Public/Admin/images/bg.png
INFO: [ app_init ] --START--
INFO: Run Behavior\BuildLiteBehavior [ RunTime:0.000000s ]
INFO: [ app_init ] --END-- [ RunTime:0.000000s ]
ERR: æ— æ³•åŠ è½½æ¨¡å—:Public

[ 2016-03-09T11:05:04+08:00 ] 127.0.0.1 /eblogbeta/Public/Admin/images/bg_icon.png
INFO: [ app_init ] --START--
INFO: Run Behavior\BuildLiteBehavior [ RunTime:0.001000s ]
INFO: [ app_init ] --END-- [ RunTime:0.001000s ]
ERR: æ— æ³•åŠ è½½æ¨¡å—:Public

[ 2016-03-09T11:05:04+08:00 ] 127.0.0.1 /eblogbeta/Public/Admin/images/bg.png
INFO: [ app_init ] --START--
INFO: Run Behavior\BuildLiteBehavior [ RunTime:0.000000s ]
INFO: [ app_init ] --END-- [ RunTime:0.001000s ]
ERR: æ— æ³•åŠ è½½æ¨¡å—:Public

[ 2016-03-09T11:05:05+08:00 ] 127.0.0.1 /eblogbeta/Public/Admin/images/bg_icon.png
INFO: [ app_init ] --START--
INFO: Run Behavior\BuildLiteBehavior [ RunTime:0.000000s ]
INFO: [ app_init ] --END-- [ RunTime:0.001000s ]
ERR: æ— æ³•åŠ è½½æ¨¡å—:Public

[ 2016-03-09T11:05:05+08:00 ] 127.0.0.1 /eblogbeta/Public/Admin/images/bg.png
INFO: [ app_init ] --START--
INFO: Run Behavior\BuildLiteBehavior [ RunTime:0.000000s ]
INFO: [ app_init ] --END-- [ RunTime:0.002001s ]
ERR: æ— æ³•åŠ è½½æ¨¡å—:Public

[ 2016-03-09T11:05:06+08:00 ] 127.0.0.1 /eblogbeta/Public/Admin/images/bg.png
INFO: [ app_init ] --START--
INFO: Run Behavior\BuildLiteBehavior [ RunTime:0.000000s ]
INFO: [ app_init ] --END-- [ RunTime:0.000000s ]
ERR: æ— æ³•åŠ è½½æ¨¡å—:Public

[ 2016-03-09T11:05:06+08:00 ] 127.0.0.1 /eblogbeta/Public/Admin/images/bg_icon.png
INFO: [ app_init ] --START--
INFO: Run Behavior\BuildLiteBehavior [ RunTime:0.000000s ]
INFO: [ app_init ] --END-- [ RunTime:0.001000s ]
ERR: æ— æ³•åŠ è½½æ¨¡å—:Public

[ 2016-03-09T11:05:06+08:00 ] 127.0.0.1 /eblogbeta/Public/Admin/images/bg_icon.png
INFO: [ app_init ] --START--
INFO: Run Behavior\BuildLiteBehavior [ RunTime:0.000000s ]
INFO: [ app_init ] --END-- [ RunTime:0.000000s ]
ERR: æ— æ³•åŠ è½½æ¨¡å—:Public

[ 2016-03-09T11:05:06+08:00 ] 127.0.0.1 /eblogbeta/Public/Admin/images/bg.png
INFO: [ app_init ] --START--
INFO: Run Behavior\BuildLiteBehavior [ RunTime:0.000000s ]
INFO: [ app_init ] --END-- [ RunTime:0.001000s ]
ERR: æ— æ³•åŠ è½½æ¨¡å—:Public

[ 2016-03-09T11:16:49+08:00 ] 127.0.0.1 /eblogbeta/Public/Admin/images/bg.png
INFO: [ app_init ] --START--
INFO: Run Behavior\BuildLiteBehavior [ RunTime:0.000000s ]
INFO: [ app_init ] --END-- [ RunTime:0.001000s ]
ERR: æ— æ³•åŠ è½½æ¨¡å—:Public

[ 2016-03-09T11:16:49+08:00 ] 127.0.0.1 /eblogbeta/Public/Admin/images/subnav_current.png
INFO: [ app_init ] --START--
INFO: Run Behavior\BuildLiteBehavior [ RunTime:0.000000s ]
INFO: [ app_init ] --END-- [ RunTime:0.001000s ]
ERR: æ— æ³•åŠ è½½æ¨¡å—:Public

[ 2016-03-09T11:16:49+08:00 ] 127.0.0.1 /eblogbeta/Public/Admin/images/bg_icon.png
INFO: [ app_init ] --START--
INFO: Run Behavior\BuildLiteBehavior [ RunTime:0.000000s ]
INFO: [ app_init ] --END-- [ RunTime:0.000000s ]
ERR: æ— æ³•åŠ è½½æ¨¡å—:Public

[ 2016-03-09T11:16:51+08:00 ] 127.0.0.1 /eblogbeta/Public/Admin/images/bg.png
INFO: [ app_init ] --START--
INFO: Run Behavior\BuildLiteBehavior [ RunTime:0.000000s ]
INFO: [ app_init ] --END-- [ RunTime:0.001000s ]
ERR: æ— æ³•åŠ è½½æ¨¡å—:Public

[ 2016-03-09T11:16:51+08:00 ] 127.0.0.1 /eblogbeta/Public/Admin/images/subnav_current.png
INFO: [ app_init ] --START--
INFO: Run Behavior\BuildLiteBehavior [ RunTime:0.001000s ]
INFO: [ app_init ] --END-- [ RunTime:0.001000s ]
ERR: æ— æ³•åŠ è½½æ¨¡å—:Public

[ 2016-03-09T11:16:51+08:00 ] 127.0.0.1 /eblogbeta/Public/Admin/images/bg_icon.png
INFO: [ app_init ] --START--
INFO: Run Behavior\BuildLiteBehavior [ RunTime:0.000000s ]
INFO: [ app_init ] --END-- [ RunTime:0.001000s ]
ERR: æ— æ³•åŠ è½½æ¨¡å—:Public

[ 2016-03-09T11:19:09+08:00 ] 127.0.0.1 /eblogbeta/Public/Admin/images/bg.png
INFO: [ app_init ] --START--
INFO: Run Behavior\BuildLiteBehavior [ RunTime:0.000000s ]
INFO: [ app_init ] --END-- [ RunTime:0.003000s ]
ERR: æ— æ³•åŠ è½½æ¨¡å—:Public

[ 2016-03-09T11:19:09+08:00 ] 127.0.0.1 /eblogbeta/Public/Admin/images/subnav_current.png
INFO: [ app_init ] --START--
INFO: Run Behavior\BuildLiteBehavior [ RunTime:0.000000s ]
INFO: [ app_init ] --END-- [ RunTime:0.001000s ]
ERR: æ— æ³•åŠ è½½æ¨¡å—:Public

[ 2016-03-09T11:19:09+08:00 ] 127.0.0.1 /eblogbeta/Public/Admin/images/bg_icon.png
INFO: [ app_init ] --START--
INFO: Run Behavior\BuildLiteBehavior [ RunTime:0.000000s ]
INFO: [ app_init ] --END-- [ RunTime:0.002000s ]
ERR: æ— æ³•åŠ è½½æ¨¡å—:Public

[ 2016-03-09T11:19:12+08:00 ] 127.0.0.1 /eblogbeta/Public/Admin/images/bg.png
INFO: [ app_init ] --START--
INFO: Run Behavior\BuildLiteBehavior [ RunTime:0.000000s ]
INFO: [ app_init ] --END-- [ RunTime:0.002000s ]
ERR: æ— æ³•åŠ è½½æ¨¡å—:Public

[ 2016-03-09T11:19:12+08:00 ] 127.0.0.1 /eblogbeta/Public/Admin/images/bg_icon.png
INFO: [ app_init ] --START--
INFO: Run Behavior\BuildLiteBehavior [ RunTime:0.000000s ]
INFO: [ app_init ] --END-- [ RunTime:0.001000s ]
ERR: æ— æ³•åŠ è½½æ¨¡å—:Public

[ 2016-03-09T11:19:13+08:00 ] 127.0.0.1 /eblogbeta/Public/Admin/images/subnav_current.png
INFO: [ app_init ] --START--
INFO: Run Behavior\BuildLiteBehavior [ RunTime:0.000000s ]
INFO: [ app_init ] --END-- [ RunTime:0.001000s ]
ERR: æ— æ³•åŠ è½½æ¨¡å—:Public

[ 2016-03-09T11:20:25+08:00 ] 127.0.0.1 /eblogbeta/Public/Admin/images/bg_icon.png
INFO: [ app_init ] --START--
INFO: Run Behavior\BuildLiteBehavior [ RunTime:0.000000s ]
INFO: [ app_init ] --END-- [ RunTime:0.001000s ]
ERR: æ— æ³•åŠ è½½æ¨¡å—:Public

[ 2016-03-09T11:20:25+08:00 ] 127.0.0.1 /eblogbeta/Public/Admin/images/bg.png
INFO: [ app_init ] --START--
INFO: Run Behavior\BuildLiteBehavior [ RunTime:0.000000s ]
INFO: [ app_init ] --END-- [ RunTime:0.002000s ]
ERR: æ— æ³•åŠ è½½æ¨¡å—:Public

[ 2016-03-09T11:20:25+08:00 ] 127.0.0.1 /eblogbeta/Public/Admin/images/subnav_current.png
INFO: [ app_init ] --START--
INFO: Run Behavior\BuildLiteBehavior [ RunTime:0.000000s ]
INFO: [ app_init ] --END-- [ RunTime:0.000000s ]
ERR: æ— æ³•åŠ è½½æ¨¡å—:Public

[ 2016-03-09T11:20:26+08:00 ] 127.0.0.1 /eblogbeta/Public/Admin/images/bg.png
INFO: [ app_init ] --START--
INFO: Run Behavior\BuildLiteBehavior [ RunTime:0.000000s ]
INFO: [ app_init ] --END-- [ RunTime:0.000000s ]
ERR: æ— æ³•åŠ è½½æ¨¡å—:Public

[ 2016-03-09T11:20:26+08:00 ] 127.0.0.1 /eblogbeta/Public/Admin/images/subnav_current.png
INFO: [ app_init ] --START--
INFO: Run Behavior\BuildLiteBehavior [ RunTime:0.000000s ]
INFO: [ app_init ] --END-- [ RunTime:0.001000s ]
ERR: æ— æ³•åŠ è½½æ¨¡å—:Public

[ 2016-03-09T11:20:26+08:00 ] 127.0.0.1 /eblogbeta/Public/Admin/images/bg_icon.png
INFO: [ app_init ] --START--
INFO: Run Behavior\BuildLiteBehavior [ RunTime:0.000000s ]
INFO: [ app_init ] --END-- [ RunTime:0.001000s ]
ERR: æ— æ³•åŠ è½½æ¨¡å—:Public

[ 2016-03-09T11:20:27+08:00 ] 127.0.0.1 /eblogbeta/Public/Admin/images/subnav_current.png
INFO: [ app_init ] --START--
INFO: Run Behavior\BuildLiteBehavior [ RunTime:0.000000s ]
INFO: [ app_init ] --END-- [ RunTime:0.001000s ]
ERR: æ— æ³•åŠ è½½æ¨¡å—:Public

[ 2016-03-09T11:20:27+08:00 ] 127.0.0.1 /eblogbeta/Public/Admin/images/bg.png
INFO: [ app_init ] --START--
INFO: Run Behavior\BuildLiteBehavior [ RunTime:0.001000s ]
INFO: [ app_init ] --END-- [ RunTime:0.001000s ]
ERR: æ— æ³•åŠ è½½æ¨¡å—:Public

[ 2016-03-09T11:20:27+08:00 ] 127.0.0.1 /eblogbeta/Public/Admin/images/bg_icon.png
INFO: [ app_init ] --START--
INFO: Run Behavior\BuildLiteBehavior [ RunTime:0.000000s ]
INFO: [ app_init ] --END-- [ RunTime:0.001000s ]
ERR: æ— æ³•åŠ è½½æ¨¡å—:Public

[ 2016-03-09T11:20:28+08:00 ] 127.0.0.1 /eblogbeta/Public/Admin/images/bg.png
INFO: [ app_init ] --START--
INFO: Run Behavior\BuildLiteBehavior [ RunTime:0.000000s ]
INFO: [ app_init ] --END-- [ RunTime:0.001000s ]
ERR: æ— æ³•åŠ è½½æ¨¡å—:Public

[ 2016-03-09T11:20:28+08:00 ] 127.0.0.1 /eblogbeta/Public/Admin/images/subnav_current.png
INFO: [ app_init ] --START--
INFO: Run Behavior\BuildLiteBehavior [ RunTime:0.000000s ]
INFO: [ app_init ] --END-- [ RunTime:0.001000s ]
ERR: æ— æ³•åŠ è½½æ¨¡å—:Public

[ 2016-03-09T11:20:28+08:00 ] 127.0.0.1 /eblogbeta/Public/Admin/images/bg_icon.png
INFO: [ app_init ] --START--
INFO: Run Behavior\BuildLiteBehavior [ RunTime:0.000000s ]
INFO: [ app_init ] --END-- [ RunTime:0.001000s ]
ERR: æ— æ³•åŠ è½½æ¨¡å—:Public

[ 2016-03-09T11:25:23+08:00 ] 127.0.0.1 /eblogbeta/Public/Admin/images/bg_icon.png
INFO: [ app_init ] --START--
INFO: Run Behavior\BuildLiteBehavior [ RunTime:0.000000s ]
INFO: [ app_init ] --END-- [ RunTime:0.001000s ]
ERR: æ— æ³•åŠ è½½æ¨¡å—:Public

[ 2016-03-09T11:25:25+08:00 ] 127.0.0.1 /eblogbeta/Public/Admin/images/bg_icon.png
INFO: [ app_init ] --START--
INFO: Run Behavior\BuildLiteBehavior [ RunTime:0.000000s ]
INFO: [ app_init ] --END-- [ RunTime:0.000000s ]
ERR: æ— æ³•åŠ è½½æ¨¡å—:Public

[ 2016-03-09T11:27:50+08:00 ] 127.0.0.1 /eblogbeta/Public/Admin/images/bg_icon.png
INFO: [ app_init ] --START--
INFO: Run Behavior\BuildLiteBehavior [ RunTime:0.000000s ]
INFO: [ app_init ] --END-- [ RunTime:0.000000s ]
ERR: æ— æ³•åŠ è½½æ¨¡å—:Public

[ 2016-03-09T11:30:32+08:00 ] 127.0.0.1 /eblogbeta/Public/Admin/images/bg_icon.png
INFO: [ app_init ] --START--
INFO: Run Behavior\BuildLiteBehavior [ RunTime:0.000000s ]
INFO: [ app_init ] --END-- [ RunTime:0.001000s ]
ERR: æ— æ³•åŠ è½½æ¨¡å—:Public

[ 2016-03-09T11:30:32+08:00 ] 127.0.0.1 /eblogbeta/Public/Admin/images/subnav_current.png
INFO: [ app_init ] --START--
INFO: Run Behavior\BuildLiteBehavior [ RunTime:0.000000s ]
INFO: [ app_init ] --END-- [ RunTime:0.001000s ]
ERR: æ— æ³•åŠ è½½æ¨¡å—:Public

[ 2016-03-09T11:30:32+08:00 ] 127.0.0.1 /eblogbeta/Public/Admin/images/bg.png
INFO: [ app_init ] --START--
INFO: Run Behavior\BuildLiteBehavior [ RunTime:0.000000s ]
INFO: [ app_init ] --END-- [ RunTime:0.001000s ]
ERR: æ— æ³•åŠ è½½æ¨¡å—:Public

[ 2016-03-09T11:30:34+08:00 ] 127.0.0.1 /eblogbeta/Public/Admin/images/bg_icon.png
INFO: [ app_init ] --START--
INFO: Run Behavior\BuildLiteBehavior [ RunTime:0.000000s ]
INFO: [ app_init ] --END-- [ RunTime:0.001001s ]
ERR: æ— æ³•åŠ è½½æ¨¡å—:Public

[ 2016-03-09T11:30:34+08:00 ] 127.0.0.1 /eblogbeta/Public/Admin/images/subnav_current.png
INFO: [ app_init ] --START--
INFO: Run Behavior\BuildLiteBehavior [ RunTime:0.000000s ]
INFO: [ app_init ] --END-- [ RunTime:0.001000s ]
ERR: æ— æ³•åŠ è½½æ¨¡å—:Public

[ 2016-03-09T11:30:34+08:00 ] 127.0.0.1 /eblogbeta/Public/Admin/images/bg.png
INFO: [ app_init ] --START--
INFO: Run Behavior\BuildLiteBehavior [ RunTime:0.000000s ]
INFO: [ app_init ] --END-- [ RunTime:0.001000s ]
ERR: æ— æ³•åŠ è½½æ¨¡å—:Public

[ 2016-03-09T11:38:48+08:00 ] 127.0.0.1 /eblogbeta/Public/Admin/images/bg.png
INFO: [ app_init ] --START--
INFO: Run Behavior\BuildLiteBehavior [ RunTime:0.001000s ]
INFO: [ app_init ] --END-- [ RunTime:0.001000s ]
ERR: æ— æ³•åŠ è½½æ¨¡å—:Public

[ 2016-03-09T11:38:48+08:00 ] 127.0.0.1 /eblogbeta/Public/Admin/images/bg_icon.png
INFO: [ app_init ] --START--
INFO: Run Behavior\BuildLiteBehavior [ RunTime:0.000000s ]
INFO: [ app_init ] --END-- [ RunTime:0.001000s ]
ERR: æ— æ³•åŠ è½½æ¨¡å—:Public

[ 2016-03-09T11:38:48+08:00 ] 127.0.0.1 /eblogbeta/Public/Admin/images/subnav_current.png
INFO: [ app_init ] --START--
INFO: Run Behavior\BuildLiteBehavior [ RunTime:0.000000s ]
INFO: [ app_init ] --END-- [ RunTime:0.001000s ]
ERR: æ— æ³•åŠ è½½æ¨¡å—:Public

[ 2016-03-09T11:38:49+08:00 ] 127.0.0.1 /eblogbeta/Public/Admin/images/bg.png
INFO: [ app_init ] --START--
INFO: Run Behavior\BuildLiteBehavior [ RunTime:0.000000s ]
INFO: [ app_init ] --END-- [ RunTime:0.001000s ]
ERR: æ— æ³•åŠ è½½æ¨¡å—:Public

[ 2016-03-09T11:38:49+08:00 ] 127.0.0.1 /eblogbeta/Public/Admin/images/subnav_current.png
INFO: [ app_init ] --START--
INFO: Run Behavior\BuildLiteBehavior [ RunTime:0.000000s ]
INFO: [ app_init ] --END-- [ RunTime:0.001000s ]
ERR: æ— æ³•åŠ è½½æ¨¡å—:Public

[ 2016-03-09T11:38:49+08:00 ] 127.0.0.1 /eblogbeta/Public/Admin/images/bg_icon.png
INFO: [ app_init ] --START--
INFO: Run Behavior\BuildLiteBehavior [ RunTime:0.000000s ]
INFO: [ app_init ] --END-- [ RunTime:0.000000s ]
ERR: æ— æ³•åŠ è½½æ¨¡å—:Public

[ 2016-03-09T11:38:50+08:00 ] 127.0.0.1 /eblogbeta/Public/Admin/images/subnav_current.png
INFO: [ app_init ] --START--
INFO: Run Behavior\BuildLiteBehavior [ RunTime:0.000000s ]
INFO: [ app_init ] --END-- [ RunTime:0.001000s ]
ERR: æ— æ³•åŠ è½½æ¨¡å—:Public

[ 2016-03-09T11:38:50+08:00 ] 127.0.0.1 /eblogbeta/Public/Admin/images/bg.png
INFO: [ app_init ] --START--
INFO: Run Behavior\BuildLiteBehavior [ RunTime:0.000000s ]
INFO: [ app_init ] --END-- [ RunTime:0.001000s ]
ERR: æ— æ³•åŠ è½½æ¨¡å—:Public

[ 2016-03-09T11:38:50+08:00 ] 127.0.0.1 /eblogbeta/Public/Admin/images/bg_icon.png
INFO: [ app_init ] --START--
INFO: Run Behavior\BuildLiteBehavior [ RunTime:0.000000s ]
INFO: [ app_init ] --END-- [ RunTime:0.002000s ]
ERR: æ— æ³•åŠ è½½æ¨¡å—:Public

[ 2016-03-09T11:39:26+08:00 ] 127.0.0.1 /eblogbeta/Public/Admin/images/bg.png
INFO: [ app_init ] --START--
INFO: Run Behavior\BuildLiteBehavior [ RunTime:0.000000s ]
INFO: [ app_init ] --END-- [ RunTime:0.004000s ]
ERR: æ— æ³•åŠ è½½æ¨¡å—:Public

[ 2016-03-09T11:39:26+08:00 ] 127.0.0.1 /eblogbeta/Public/Admin/images/subnav_current.png
INFO: [ app_init ] --START--
INFO: Run Behavior\BuildLiteBehavior [ RunTime:0.000000s ]
INFO: [ app_init ] --END-- [ RunTime:0.001000s ]
ERR: æ— æ³•åŠ è½½æ¨¡å—:Public

[ 2016-03-09T11:39:26+08:00 ] 127.0.0.1 /eblogbeta/Public/Admin/images/bg_icon.png
INFO: [ app_init ] --START--
INFO: Run Behavior\BuildLiteBehavior [ RunTime:0.000000s ]
INFO: [ app_init ] --END-- [ RunTime:0.001000s ]
ERR: æ— æ³•åŠ è½½æ¨¡å—:Public

[ 2016-03-09T11:40:00+08:00 ] 127.0.0.1 /eblogbeta/Public/Admin/images/bg.png
INFO: [ app_init ] --START--
INFO: Run Behavior\BuildLiteBehavior [ RunTime:0.001000s ]
INFO: [ app_init ] --END-- [ RunTime:0.001000s ]
ERR: æ— æ³•åŠ è½½æ¨¡å—:Public

[ 2016-03-09T11:40:00+08:00 ] 127.0.0.1 /eblogbeta/Public/Admin/images/subnav_current.png
INFO: [ app_init ] --START--
INFO: Run Behavior\BuildLiteBehavior [ RunTime:0.000000s ]
INFO: [ app_init ] --END-- [ RunTime:0.001000s ]
ERR: æ— æ³•åŠ è½½æ¨¡å—:Public

[ 2016-03-09T11:40:00+08:00 ] 127.0.0.1 /eblogbeta/Public/Admin/images/bg_icon.png
INFO: [ app_init ] --START--
INFO: Run Behavior\BuildLiteBehavior [ RunTime:0.000000s ]
INFO: [ app_init ] --END-- [ RunTime:0.001000s ]
ERR: æ— æ³•åŠ è½½æ¨¡å—:Public

[ 2016-03-09T11:40:06+08:00 ] 127.0.0.1 /eblogbeta/Public/Admin/images/bg_icon.png
INFO: [ app_init ] --START--
INFO: Run Behavior\BuildLiteBehavior [ RunTime:0.000000s ]
INFO: [ app_init ] --END-- [ RunTime:0.000000s ]
ERR: æ— æ³•åŠ è½½æ¨¡å—:Public

[ 2016-03-09T11:40:06+08:00 ] 127.0.0.1 /eblogbeta/Public/Admin/images/bg.png
INFO: [ app_init ] --START--
INFO: Run Behavior\BuildLiteBehavior [ RunTime:0.000000s ]
INFO: [ app_init ] --END-- [ RunTime:0.001000s ]
ERR: æ— æ³•åŠ è½½æ¨¡å—:Public

[ 2016-03-09T11:40:06+08:00 ] 127.0.0.1 /eblogbeta/Public/Admin/images/subnav_current.png
INFO: [ app_init ] --START--
INFO: Run Behavior\BuildLiteBehavior [ RunTime:0.000000s ]
INFO: [ app_init ] --END-- [ RunTime:0.000000s ]
ERR: æ— æ³•åŠ è½½æ¨¡å—:Public

[ 2016-03-09T11:53:25+08:00 ] 127.0.0.1 /eblogbeta/Public/Admin/images/bg_icon.png
INFO: [ app_init ] --START--
INFO: Run Behavior\BuildLiteBehavior [ RunTime:0.000000s ]
INFO: [ app_init ] --END-- [ RunTime:0.000000s ]
ERR: æ— æ³•åŠ è½½æ¨¡å—:Public

[ 2016-03-09T11:53:25+08:00 ] 127.0.0.1 /eblogbeta/Public/Admin/images/subnav_current.png
INFO: [ app_init ] --START--
INFO: Run Behavior\BuildLiteBehavior [ RunTime:0.000000s ]
INFO: [ app_init ] --END-- [ RunTime:0.002000s ]
ERR: æ— æ³•åŠ è½½æ¨¡å—:Public

[ 2016-03-09T11:53:25+08:00 ] 127.0.0.1 /eblogbeta/Public/Admin/images/bg.png
INFO: [ app_init ] --START--
INFO: Run Behavior\BuildLiteBehavior [ RunTime:0.000000s ]
INFO: [ app_init ] --END-- [ RunTime:0.001001s ]
ERR: æ— æ³•åŠ è½½æ¨¡å—:Public

[ 2016-03-09T11:53:26+08:00 ] 127.0.0.1 /eblogbeta/Public/Admin/images/bg.png
INFO: [ app_init ] --START--
INFO: Run Behavior\BuildLiteBehavior [ RunTime:0.000000s ]
INFO: [ app_init ] --END-- [ RunTime:0.001000s ]
ERR: æ— æ³•åŠ è½½æ¨¡å—:Public

[ 2016-03-09T11:53:26+08:00 ] 127.0.0.1 /eblogbeta/Public/Admin/images/bg_icon.png
INFO: [ app_init ] --START--
INFO: Run Behavior\BuildLiteBehavior [ RunTime:0.000000s ]
INFO: [ app_init ] --END-- [ RunTime:0.007001s ]
ERR: æ— æ³•åŠ è½½æ¨¡å—:Public

[ 2016-03-09T11:53:26+08:00 ] 127.0.0.1 /eblogbeta/Public/Admin/images/subnav_current.png
INFO: [ app_init ] --START--
INFO: Run Behavior\BuildLiteBehavior [ RunTime:0.000000s ]
INFO: [ app_init ] --END-- [ RunTime:0.002000s ]
ERR: æ— æ³•åŠ è½½æ¨¡å—:Public

[ 2016-03-09T11:53:27+08:00 ] 127.0.0.1 /eblogbeta/Public/Admin/images/bg_icon.png
INFO: [ app_init ] --START--
INFO: Run Behavior\BuildLiteBehavior [ RunTime:0.000000s ]
INFO: [ app_init ] --END-- [ RunTime:0.001000s ]
ERR: æ— æ³•åŠ è½½æ¨¡å—:Public

[ 2016-03-09T11:53:27+08:00 ] 127.0.0.1 /eblogbeta/Public/Admin/images/subnav_current.png
INFO: [ app_init ] --START--
INFO: Run Behavior\BuildLiteBehavior [ RunTime:0.000000s ]
INFO: [ app_init ] --END-- [ RunTime:0.001000s ]
ERR: æ— æ³•åŠ è½½æ¨¡å—:Public

[ 2016-03-09T11:53:27+08:00 ] 127.0.0.1 /eblogbeta/Public/Admin/images/bg.png
INFO: [ app_init ] --START--
INFO: Run Behavior\BuildLiteBehavior [ RunTime:0.000000s ]
INFO: [ app_init ] --END-- [ RunTime:0.000000s ]
ERR: æ— æ³•åŠ è½½æ¨¡å—:Public

[ 2016-03-09T11:53:47+08:00 ] 127.0.0.1 /eblogbeta/Public/Admin/images/subnav_current.png
INFO: [ app_init ] --START--
INFO: Run Behavior\BuildLiteBehavior [ RunTime:0.000000s ]
INFO: [ app_init ] --END-- [ RunTime:0.001000s ]
ERR: æ— æ³•åŠ è½½æ¨¡å—:Public

[ 2016-03-09T11:53:47+08:00 ] 127.0.0.1 /eblogbeta/Public/Admin/images/bg_icon.png
INFO: [ app_init ] --START--
INFO: Run Behavior\BuildLiteBehavior [ RunTime:0.001000s ]
INFO: [ app_init ] --END-- [ RunTime:0.003000s ]
ERR: æ— æ³•åŠ è½½æ¨¡å—:Public

[ 2016-03-09T11:53:47+08:00 ] 127.0.0.1 /eblogbeta/Public/Admin/images/bg.png
INFO: [ app_init ] --START--
INFO: Run Behavior\BuildLiteBehavior [ RunTime:0.000000s ]
INFO: [ app_init ] --END-- [ RunTime:0.001000s ]
ERR: æ— æ³•åŠ è½½æ¨¡å—:Public

[ 2016-03-09T11:54:33+08:00 ] 127.0.0.1 /eblogbeta/Public/Admin/images/subnav_current.png
INFO: [ app_init ] --START--
INFO: Run Behavior\BuildLiteBehavior [ RunTime:0.000000s ]
INFO: [ app_init ] --END-- [ RunTime:0.002000s ]
ERR: æ— æ³•åŠ è½½æ¨¡å—:Public

[ 2016-03-09T11:54:33+08:00 ] 127.0.0.1 /eblogbeta/Public/Admin/images/bg_icon.png
INFO: [ app_init ] --START--
INFO: Run Behavior\BuildLiteBehavior [ RunTime:0.000000s ]
INFO: [ app_init ] --END-- [ RunTime:0.001000s ]
ERR: æ— æ³•åŠ è½½æ¨¡å—:Public

[ 2016-03-09T11:54:33+08:00 ] 127.0.0.1 /eblogbeta/Public/Admin/images/bg.png
INFO: [ app_init ] --START--
INFO: Run Behavior\BuildLiteBehavior [ RunTime:0.001000s ]
INFO: [ app_init ] --END-- [ RunTime:0.002000s ]
ERR: æ— æ³•åŠ è½½æ¨¡å—:Public

[ 2016-03-09T11:55:02+08:00 ] 127.0.0.1 /eblogbeta/Public/Admin/images/bg_icon.png
INFO: [ app_init ] --START--
INFO: Run Behavior\BuildLiteBehavior [ RunTime:0.000000s ]
INFO: [ app_init ] --END-- [ RunTime:0.001000s ]
ERR: æ— æ³•åŠ è½½æ¨¡å—:Public

[ 2016-03-09T11:55:02+08:00 ] 127.0.0.1 /eblogbeta/Public/Admin/images/subnav_current.png
INFO: [ app_init ] --START--
INFO: Run Behavior\BuildLiteBehavior [ RunTime:0.000000s ]
INFO: [ app_init ] --END-- [ RunTime:0.001000s ]
ERR: æ— æ³•åŠ è½½æ¨¡å—:Public

[ 2016-03-09T11:55:02+08:00 ] 127.0.0.1 /eblogbeta/Public/Admin/images/bg.png
INFO: [ app_init ] --START--
INFO: Run Behavior\BuildLiteBehavior [ RunTime:0.000000s ]
INFO: [ app_init ] --END-- [ RunTime:0.000000s ]
ERR: æ— æ³•åŠ è½½æ¨¡å—:Public

[ 2016-03-09T11:56:25+08:00 ] 127.0.0.1 /eblogbeta/Public/Admin/images/bg_icon.png
INFO: [ app_init ] --START--
INFO: Run Behavior\BuildLiteBehavior [ RunTime:0.000000s ]
INFO: [ app_init ] --END-- [ RunTime:0.001000s ]
ERR: æ— æ³•åŠ è½½æ¨¡å—:Public

[ 2016-03-09T11:56:25+08:00 ] 127.0.0.1 /eblogbeta/Public/Admin/images/bg.png
INFO: [ app_init ] --START--
INFO: Run Behavior\BuildLiteBehavior [ RunTime:0.000000s ]
INFO: [ app_init ] --END-- [ RunTime:0.000000s ]
ERR: æ— æ³•åŠ è½½æ¨¡å—:Public

[ 2016-03-09T11:56:25+08:00 ] 127.0.0.1 /eblogbeta/Public/Admin/images/subnav_current.png
INFO: [ app_init ] --START--
INFO: Run Behavior\BuildLiteBehavior [ RunTime:0.000000s ]
INFO: [ app_init ] --END-- [ RunTime:0.001000s ]
ERR: æ— æ³•åŠ è½½æ¨¡å—:Public

[ 2016-03-09T11:56:27+08:00 ] 127.0.0.1 /eblogbeta/Public/Admin/images/bg_icon.png
INFO: [ app_init ] --START--
INFO: Run Behavior\BuildLiteBehavior [ RunTime:0.000000s ]
INFO: [ app_init ] --END-- [ RunTime:0.001000s ]
ERR: æ— æ³•åŠ è½½æ¨¡å—:Public

[ 2016-03-09T11:56:27+08:00 ] 127.0.0.1 /eblogbeta/Public/Admin/images/subnav_current.png
INFO: [ app_init ] --START--
INFO: Run Behavior\BuildLiteBehavior [ RunTime:0.000000s ]
INFO: [ app_init ] --END-- [ RunTime:0.002001s ]
ERR: æ— æ³•åŠ è½½æ¨¡å—:Public

[ 2016-03-09T11:56:27+08:00 ] 127.0.0.1 /eblogbeta/Public/Admin/images/bg.png
INFO: [ app_init ] --START--
INFO: Run Behavior\BuildLiteBehavior [ RunTime:0.000000s ]
INFO: [ app_init ] --END-- [ RunTime:0.001000s ]
ERR: æ— æ³•åŠ è½½æ¨¡å—:Public

[ 2016-03-09T11:57:17+08:00 ] 127.0.0.1 /eblogbeta/Public/Admin/images/bg.png
INFO: [ app_init ] --START--
INFO: Run Behavior\BuildLiteBehavior [ RunTime:0.000000s ]
INFO: [ app_init ] --END-- [ RunTime:0.001000s ]
ERR: æ— æ³•åŠ è½½æ¨¡å—:Public

[ 2016-03-09T11:57:17+08:00 ] 127.0.0.1 /eblogbeta/Public/Admin/images/bg_icon.png
INFO: [ app_init ] --START--
INFO: Run Behavior\BuildLiteBehavior [ RunTime:0.000000s ]
INFO: [ app_init ] --END-- [ RunTime:0.002000s ]
ERR: æ— æ³•åŠ è½½æ¨¡å—:Public

[ 2016-03-09T11:57:17+08:00 ] 127.0.0.1 /eblogbeta/Public/Admin/images/subnav_current.png
INFO: [ app_init ] --START--
INFO: Run Behavior\BuildLiteBehavior [ RunTime:0.000000s ]
INFO: [ app_init ] --END-- [ RunTime:0.001000s ]
ERR: æ— æ³•åŠ è½½æ¨¡å—:Public

[ 2016-03-09T12:00:57+08:00 ] 127.0.0.1 /eblogbeta/Public/Admin/images/bg_icon.png
INFO: [ app_init ] --START--
INFO: Run Behavior\BuildLiteBehavior [ RunTime:0.000000s ]
INFO: [ app_init ] --END-- [ RunTime:0.005000s ]
ERR: æ— æ³•åŠ è½½æ¨¡å—:Public

[ 2016-03-09T12:00:57+08:00 ] 127.0.0.1 /eblogbeta/Public/Admin/images/subnav_current.png
INFO: [ app_init ] --START--
INFO: Run Behavior\BuildLiteBehavior [ RunTime:0.000000s ]
INFO: [ app_init ] --END-- [ RunTime:0.001000s ]
ERR: æ— æ³•åŠ è½½æ¨¡å—:Public

[ 2016-03-09T12:00:57+08:00 ] 127.0.0.1 /eblogbeta/Public/Admin/img/glyphicons-halflings.png
INFO: [ app_init ] --START--
INFO: Run Behavior\BuildLiteBehavior [ RunTime:0.000000s ]
INFO: [ app_init ] --END-- [ RunTime:0.001000s ]
ERR: æ— æ³•åŠ è½½æ¨¡å—:Public

[ 2016-03-09T12:00:57+08:00 ] 127.0.0.1 /eblogbeta/Public/Admin/images/bg.png
INFO: [ app_init ] --START--
INFO: Run Behavior\BuildLiteBehavior [ RunTime:0.000000s ]
INFO: [ app_init ] --END-- [ RunTime:0.000000s ]
ERR: æ— æ³•åŠ è½½æ¨¡å—:Public

[ 2016-03-09T12:00:58+08:00 ] 127.0.0.1 /eblogbeta/Public/Admin/img/glyphicons-halflings.png
INFO: [ app_init ] --START--
INFO: Run Behavior\BuildLiteBehavior [ RunTime:0.001000s ]
INFO: [ app_init ] --END-- [ RunTime:0.001000s ]
ERR: æ— æ³•åŠ è½½æ¨¡å—:Public

[ 2016-03-09T12:00:58+08:00 ] 127.0.0.1 /eblogbeta/Public/Admin/images/bg_icon.png
INFO: [ app_init ] --START--
INFO: Run Behavior\BuildLiteBehavior [ RunTime:0.000000s ]
INFO: [ app_init ] --END-- [ RunTime:0.002000s ]
ERR: æ— æ³•åŠ è½½æ¨¡å—:Public

[ 2016-03-09T12:00:58+08:00 ] 127.0.0.1 /eblogbeta/Public/Admin/images/subnav_current.png
INFO: [ app_init ] --START--
INFO: Run Behavior\BuildLiteBehavior [ RunTime:0.000000s ]
INFO: [ app_init ] --END-- [ RunTime:0.001000s ]
ERR: æ— æ³•åŠ è½½æ¨¡å—:Public

[ 2016-03-09T12:00:58+08:00 ] 127.0.0.1 /eblogbeta/Public/Admin/images/bg.png
INFO: [ app_init ] --START--
INFO: Run Behavior\BuildLiteBehavior [ RunTime:0.000000s ]
INFO: [ app_init ] --END-- [ RunTime:0.000000s ]
ERR: æ— æ³•åŠ è½½æ¨¡å—:Public

[ 2016-03-09T12:00:59+08:00 ] 127.0.0.1 /eblogbeta/Public/Admin/img/glyphicons-halflings.png
INFO: [ app_init ] --START--
INFO: Run Behavior\BuildLiteBehavior [ RunTime:0.000000s ]
INFO: [ app_init ] --END-- [ RunTime:0.003000s ]
ERR: æ— æ³•åŠ è½½æ¨¡å—:Public

[ 2016-03-09T12:00:59+08:00 ] 127.0.0.1 /eblogbeta/Public/Admin/images/bg.png
INFO: [ app_init ] --START--
INFO: Run Behavior\BuildLiteBehavior [ RunTime:0.000000s ]
INFO: [ app_init ] --END-- [ RunTime:0.000000s ]
ERR: æ— æ³•åŠ è½½æ¨¡å—:Public

[ 2016-03-09T12:00:59+08:00 ] 127.0.0.1 /eblogbeta/Public/Admin/images/bg_icon.png
INFO: [ app_init ] --START--
INFO: Run Behavior\BuildLiteBehavior [ RunTime:0.000000s ]
INFO: [ app_init ] --END-- [ RunTime:0.001000s ]
ERR: æ— æ³•åŠ è½½æ¨¡å—:Public

[ 2016-03-09T12:00:59+08:00 ] 127.0.0.1 /eblogbeta/Public/Admin/images/subnav_current.png
INFO: [ app_init ] --START--
INFO: Run Behavior\BuildLiteBehavior [ RunTime:0.000000s ]
INFO: [ app_init ] --END-- [ RunTime:0.001000s ]
ERR: æ— æ³•åŠ è½½æ¨¡å—:Public

[ 2016-03-09T12:01:00+08:00 ] 127.0.0.1 /eblogbeta/Public/Admin/img/glyphicons-halflings.png
INFO: [ app_init ] --START--
INFO: Run Behavior\BuildLiteBehavior [ RunTime:0.000000s ]
INFO: [ app_init ] --END-- [ RunTime:0.001000s ]
ERR: æ— æ³•åŠ è½½æ¨¡å—:Public

[ 2016-03-09T12:01:00+08:00 ] 127.0.0.1 /eblogbeta/Public/Admin/images/bg.png
INFO: [ app_init ] --START--
INFO: Run Behavior\BuildLiteBehavior [ RunTime:0.000000s ]
INFO: [ app_init ] --END-- [ RunTime:0.001000s ]
ERR: æ— æ³•åŠ è½½æ¨¡å—:Public

—:Public

[ 2016-03-09T12:01:00+08:00 ] 127.0.0.1 /eblogbeta/Public/Admin/images/bg_icon.png
INFO: [ app_init ] --START--
INFO: Run Behavior\BuildLiteBehavior [ RunTime:0.000000s ]
INFO: [ app_init ] --END-- [ RunTime:0.002000s ]
ERR: æ— æ³•åŠ è½½æ¨¡å—:Public

[ 2016-03-09T12:01:00+08:00 ] 127.0.0.1 /eblogbeta/Public/Admin/img/glyphicons-halflings.png
INFO: [ app_init ] --START--
INFO: Run Behavior\BuildLiteBehavior [ RunTime:0.001000s ]
INFO: [ app_init ] --END-- [ RunTime:0.001000s ]
ERR: æ— æ³•åŠ è½½æ¨¡å—:Public

[ 2016-03-09T12:01:00+08:00 ] 127.0.0.1 /eblogbeta/Public/Admin/images/bg.png
INFO: [ app_init ] --START--
INFO: Run Behavior\BuildLiteBehavior [ RunTime:0.000000s ]
INFO: [ app_init ] --END-- [ RunTime:0.001000s ]
ERR: æ— æ³•åŠ è½½æ¨¡å—:Public

[ 2016-03-09T12:01:00+08:00 ] 127.0.0.1 /eblogbeta/Public/Admin/images/bg_icon.png
INFO: [ app_init ] --START--
INFO: Run Behavior\BuildLiteBehavior [ RunTime:0.000000s ]
INFO: [ app_init ] --END-- [ RunTime:0.002000s ]
ERR: æ— æ³•åŠ è½½æ¨¡å—:Public

[ 2016-03-09T12:01:00+08:00 ] 127.0.0.1 /eblogbeta/Public/Admin/images/subnav_current.png
INFO: [ app_init ] --START--
INFO: Run Behavior\BuildLiteBehavior [ RunTime:0.000000s ]
INFO: [ app_init ] --END-- [ RunTime:0.001000s ]
ERR: æ— æ³•åŠ è½½æ¨¡å—:Public

[ 2016-03-09T14:13:44+08:00 ] 127.0.0.1 /eblogbeta/Public/Admin/img/glyphicons-halflings.png
INFO: [ app_init ] --START--
INFO: Run Behavior\BuildLiteBehavior [ RunTime:0.000000s ]
INFO: [ app_init ] --END-- [ RunTime:0.002001s ]
ERR: æ— æ³•åŠ è½½æ¨¡å—:Public

[ 2016-03-09T14:13:44+08:00 ] 127.0.0.1 /eblogbeta/Public/Admin/images/bg.png
INFO: [ app_init ] --START--
INFO: Run Behavior\BuildLiteBehavior [ RunTime:0.000000s ]
INFO: [ app_init ] --END-- [ RunTime:0.003000s ]
ERR: æ— æ³•åŠ è½½æ¨¡å—:Public

[ 2016-03-09T14:13:44+08:00 ] 127.0.0.1 /eblogbeta/Public/Admin/images/bg_icon.png
INFO: [ app_init ] --START--
INFO: Run Behavior\BuildLiteBehavior [ RunTime:0.000000s ]
INFO: [ app_init ] --END-- [ RunTime:0.000000s ]
ERR: æ— æ³•åŠ è½½æ¨¡å—:Public

[ 2016-03-09T14:13:44+08:00 ] 127.0.0.1 /eblogbeta/Public/Admin/images/subnav_current.png
INFO: [ app_init ] --START--
INFO: Run Behavior\BuildLiteBehavior [ RunTime:0.000000s ]
INFO: [ app_init ] --END-- [ RunTime:0.002001s ]
ERR: æ— æ³•åŠ è½½æ¨¡å—:Public

[ 2016-03-09T14:14:47+08:00 ] 127.0.0.1 /eblogbeta/Public/Admin/images/bg_icon.png
INFO: [ app_init ] --START--
INFO: Run Behavior\BuildLiteBehavior [ RunTime:0.000000s ]
INFO: [ app_init ] --END-- [ RunTime:0.001000s ]
ERR: æ— æ³•åŠ è½½æ¨¡å—:Public

[ 2016-03-09T14:14:47+08:00 ] 127.0.0.1 /eblogbeta/Public/Admin/images/bg.png
INFO: [ app_init ] --START--
INFO: Run Behavior\BuildLiteBehavior [ RunTime:0.000000s ]
INFO: [ app_init ] --END-- [ RunTime:0.001000s ]
ERR: æ— æ³•åŠ è½½æ¨¡å—:Public

[ 2016-03-09T14:14:47+08:00 ] 127.0.0.1 /eblogbeta/Public/Admin/img/glyphicons-halflings.png
INFO: [ app_init ] --START--
INFO: Run Behavior\BuildLiteBehavior [ RunTime:0.000000s ]
INFO: [ app_init ] --END-- [ RunTime:0.000000s ]
ERR: æ— æ³•åŠ è½½æ¨¡å—:Public

[ 2016-03-09T14:14:47+08:00 ] 127.0.0.1 /eblogbeta/Public/Admin/images/subnav_current.png
INFO: [ app_init ] --START--
INFO: Run Behavior\BuildLiteBehavior [ RunTime:0.001000s ]
INFO: [ app_init ] --END-- [ RunTime:0.001000s ]
ERR: æ— æ³•åŠ è½½æ¨¡å—:Public

[ 2016-03-09T14:15:34+08:00 ] 127.0.0.1 /eblogbeta/Public/Admin/images/bg_icon.png
INFO: [ app_init ] --START--
INFO: Run Behavior\BuildLiteBehavior [ RunTime:0.000000s ]
INFO: [ app_init ] --END-- [ RunTime:0.002000s ]
ERR: æ— æ³•åŠ è½½æ¨¡å—:Public

[ 2016-03-09T14:15:34+08:00 ] 127.0.0.1 /eblogbeta/Public/Admin/images/bg.png
INFO: [ app_init ] --START--
INFO: Run Behavior\BuildLiteBehavior [ RunTime:0.000000s ]
INFO: [ app_init ] --END-- [ RunTime:0.001000s ]
ERR: æ— æ³•åŠ è½½æ¨¡å—:Public

[ 2016-03-09T14:15:34+08:00 ] 127.0.0.1 /eblogbeta/Public/Admin/img/glyphicons-halflings.png
INFO: [ app_init ] --START--
INFO: Run Behavior\BuildLiteBehavior [ RunTime:0.000000s ]
INFO: [ app_init ] --END-- [ RunTime:0.000000s ]
ERR: æ— æ³•åŠ è½½æ¨¡å—:Public

[ 2016-03-09T14:15:34+08:00 ] 127.0.0.1 /eblogbeta/Public/Admin/images/subnav_current.png
INFO: [ app_init ] --START--
INFO: Run Behavior\BuildLiteBehavior [ RunTime:0.000000s ]
INFO: [ app_init ] --END-- [ RunTime:0.000000s ]
ERR: æ— æ³•åŠ è½½æ¨¡å—:Public

[ 2016-03-09T14:16:04+08:00 ] 127.0.0.1 /eblogbeta/Public/Admin/images/subnav_current.png
INFO: [ app_init ] --START--
INFO: Run Behavior\BuildLiteBehavior [ RunTime:0.000000s ]
INFO: [ app_init ] --END-- [ RunTime:0.001000s ]
ERR: æ— æ³•åŠ è½½æ¨¡å—:Public

[ 2016-03-09T14:16:04+08:00 ] 127.0.0.1 /eblogbeta/Public/Admin/images/bg.png
INFO: [ app_init ] --START--
INFO: Run Behavior\BuildLiteBehavior [ RunTime:0.000000s ]
INFO: [ app_init ] --END-- [ RunTime:0.001001s ]
ERR: æ— æ³•åŠ è½½æ¨¡å—:Public

[ 2016-03-09T14:16:04+08:00 ] 127.0.0.1 /eblogbeta/Public/Admin/images/bg_icon.png
INFO: [ app_init ] --START--
INFO: Run Behavior\BuildLiteBehavior [ RunTime:0.000000s ]
INFO: [ app_init ] --END-- [ RunTime:0.001000s ]
ERR: æ— æ³•åŠ è½½æ¨¡å—:Public

[ 2016-03-09T14:16:04+08:00 ] 127.0.0.1 /eblogbeta/Public/Admin/img/glyphicons-halflings.png
INFO: [ app_init ] --START--
INFO: Run Behavior\BuildLiteBehavior [ RunTime:0.000000s ]
INFO: [ app_init ] --END-- [ RunTime:0.001000s ]
ERR: æ— æ³•åŠ è½½æ¨¡å—:Public

[ 2016-03-09T14:18:06+08:00 ] 127.0.0.1 /eblogbeta/Public/Admin/images/bg_icon.png
INFO: [ app_init ] --START--
INFO: Run Behavior\BuildLiteBehavior [ RunTime:0.000000s ]
INFO: [ app_init ] --END-- [ RunTime:0.001000s ]
ERR: æ— æ³•åŠ è½½æ¨¡å—:Public

[ 2016-03-09T14:18:06+08:00 ] 127.0.0.1 /eblogbeta/Public/Admin/img/glyphicons-halflings.png
INFO: [ app_init ] --START--
INFO: Run Behavior\BuildLiteBehavior [ RunTime:0.000000s ]
INFO: [ app_init ] --END-- [ RunTime:0.001000s ]
ERR: æ— æ³•åŠ è½½æ¨¡å—:Public

[ 2016-03-09T14:18:06+08:00 ] 127.0.0.1 /eblogbeta/Public/Admin/images/bg.png
INFO: [ app_init ] --START--
INFO: Run Behavior\BuildLiteBehavior [ RunTime:0.000000s ]
INFO: [ app_init ] --END-- [ RunTime:0.000000s ]
ERR: æ— æ³•åŠ è½½æ¨¡å—:Public

[ 2016-03-09T14:27:09+08:00 ] 127.0.0.1 /eblogbeta/Public/Admin/img/glyphicons-halflings.png
INFO: [ app_init ] --START--
INFO: Run Behavior\BuildLiteBehavior [ RunTime:0.000000s ]
INFO: [ app_init ] --END-- [ RunTime:0.001000s ]
ERR: æ— æ³•åŠ è½½æ¨¡å—:Public

[ 2016-03-09T14:27:09+08:00 ] 127.0.0.1 /eblogbeta/Public/Admin/images/bg.png
INFO: [ app_init ] --START--
INFO: Run Behavior\BuildLiteBehavior [ RunTime:0.000000s ]
INFO: [ app_init ] --END-- [ RunTime:0.001000s ]
ERR: æ— æ³•åŠ è½½æ¨¡å—:Public

c

[ 2016-03-09T14:27:10+08:00 ] 127.0.0.1 /eblogbeta/Public/Admin/images/bg.png
INFO: [ app_init ] --START--
INFO: Run Behavior\BuildLiteBehavior [ RunTime:0.000000s ]
INFO: [ app_init ] --END-- [ RunTime:0.002000s ]
ERR: æ— æ³•åŠ è½½æ¨¡å—:Public

[ 2016-03-09T14:27:10+08:00 ] 127.0.0.1 /eblogbeta/Public/Admin/img/glyphicons-halflings.png
INFO: [ app_init ] --START--
INFO: Run Behavior\BuildLiteBehavior [ RunTime:0.000000s ]
INFO: [ app_init ] --END-- [ RunTime:0.001001s ]
ERR: æ— æ³•åŠ è½½æ¨¡å—:Public

[ 2016-03-09T14:27:10+08:00 ] 127.0.0.1 /eblogbeta/Public/Admin/images/bg_icon.png
INFO: [ app_init ] --START--
INFO: Run Behavior\BuildLiteBehavior [ RunTime:0.000000s ]
INFO: [ app_init ] --END-- [ RunTime:0.001000s ]
ERR: æ— æ³•åŠ è½½æ¨¡å—:Public

[ 2016-03-09T14:27:50+08:00 ] 127.0.0.1 /eblogbeta/Public/Admin/images/bg_icon.png
INFO: [ app_init ] --START--
INFO: Run Behavior\BuildLiteBehavior [ RunTime:0.000000s ]
INFO: [ app_init ] --END-- [ RunTime:0.000000s ]
ERR: æ— æ³•åŠ è½½æ¨¡å—:Public

[ 2016-03-09T14:27:50+08:00 ] 127.0.0.1 /eblogbeta/Public/Admin/images/bg.png
INFO: [ app_init ] --START--
INFO: Run Behavior\BuildLiteBehavior [ RunTime:0.000000s ]
INFO: [ app_init ] --END-- [ RunTime:0.000000s ]
ERR: æ— æ³•åŠ è½½æ¨¡å—:Public

[ 2016-03-09T14:27:50+08:00 ] 127.0.0.1 /eblogbeta/Public/Admin/images/bg_icon.png
INFO: [ app_init ] --START--
INFO: Run Behavior\BuildLiteBehavior [ RunTime:0.000000s ]
INFO: [ app_init ] --END-- [ RunTime:0.001000s ]
ERR: æ— æ³•åŠ è½½æ¨¡å—:Public

[ 2016-03-09T14:27:50+08:00 ] 127.0.0.1 /eblogbeta/Public/Admin/images/bg.png
INFO: [ app_init ] --START--
INFO: Run Behavior\BuildLiteBehavior [ RunTime:0.000000s ]
INFO: [ app_init ] --END-- [ RunTime:0.001000s ]
ERR: æ— æ³•åŠ è½½æ¨¡å—:Public

[ 2016-03-09T14:28:21+08:00 ] 127.0.0.1 /eblogbeta/Public/Admin/images/bg.png
INFO: [ app_init ] --START--
INFO: Run Behavior\BuildLiteBehavior [ RunTime:0.000000s ]
INFO: [ app_init ] --END-- [ RunTime:0.000000s ]
ERR: æ— æ³•åŠ è½½æ¨¡å—:Public

[ 2016-03-09T14:28:21+08:00 ] 127.0.0.1 /eblogbeta/Public/Admin/images/bg_icon.png
INFO: [ app_init ] --START--
INFO: Run Behavior\BuildLiteBehavior [ RunTime:0.000000s ]
INFO: [ app_init ] --END-- [ RunTime:0.001000s ]
ERR: æ— æ³•åŠ è½½æ¨¡å—:Public

[ 2016-03-09T14:29:35+08:00 ] 127.0.0.1 /eblogbeta/Public/Admin/images/bg_icon.png
INFO: [ app_init ] --START--
INFO: Run Behavior\BuildLiteBehavior [ RunTime:0.000000s ]
INFO: [ app_init ] --END-- [ RunTime:0.000000s ]
ERR: æ— æ³•åŠ è½½æ¨¡å—:Public

[ 2016-03-09T14:29:35+08:00 ] 127.0.0.1 /eblogbeta/Public/Admin/images/bg.png
INFO: [ app_init ] --START--
INFO: Run Behavior\BuildLiteBehavior [ RunTime:0.000000s ]
INFO: [ app_init ] --END-- [ RunTime:0.001001s ]
ERR: æ— æ³•åŠ è½½æ¨¡å—:Public

[ 2016-03-09T14:29:36+08:00 ] 127.0.0.1 /eblogbeta/Public/Admin/images/bg.png
INFO: [ app_init ] --START--
INFO: Run Behavior\BuildLiteBehavior [ RunTime:0.000000s ]
INFO: [ app_init ] --END-- [ RunTime:0.001000s ]
ERR: æ— æ³•åŠ è½½æ¨¡å—:Public

[ 2016-03-09T14:29:36+08:00 ] 127.0.0.1 /eblogbeta/Public/Admin/images/bg_icon.png
INFO: [ app_init ] --START--
INFO: Run Behavior\BuildLiteBehavior [ RunTime:0.000000s ]
INFO: [ app_init ] --END-- [ RunTime:0.001000s ]
ERR: æ— æ³•åŠ è½½æ¨¡å—:Public

[ 2016-03-09T14:30:26+08:00 ] 127.0.0.1 /eblogbeta/Public/Admin/images/bg.png
INFO: [ app_init ] --START--
INFO: Run Behavior\BuildLiteBehavior [ RunTime:0.000000s ]
INFO: [ app_init ] --END-- [ RunTime:0.000000s ]
ERR: æ— æ³•åŠ è½½æ¨¡å—:Public

[ 2016-03-09T14:31:37+08:00 ] 127.0.0.1 /eblogbeta/Public/Admin/images/bg.png
INFO: [ app_init ] --START--
INFO: Run Behavior\BuildLiteBehavior [ RunTime:0.000000s ]
INFO: [ app_init ] --END-- [ RunTime:0.000000s ]
ERR: æ— æ³•åŠ è½½æ¨¡å—:Public

[ 2016-03-09T14:32:09+08:00 ] 127.0.0.1 /eblogbeta/Public/Admin/images/bg.png
INFO: [ app_init ] --START--
INFO: Run Behavior\BuildLiteBehavior [ RunTime:0.000000s ]
INFO: [ app_init ] --END-- [ RunTime:0.000000s ]
ERR: æ— æ³•åŠ è½½æ¨¡å—:Public

[ 2016-03-09T14:32:42+08:00 ] 127.0.0.1 /eblogbeta/Public/Admin/images/bg.png
INFO: [ app_init ] --START--
INFO: Run Behavior\BuildLiteBehavior [ RunTime:0.000000s ]
INFO: [ app_init ] --END-- [ RunTime:0.000000s ]
ERR: æ— æ³•åŠ è½½æ¨¡å—:Public

[ 2016-03-09T14:34:07+08:00 ] 127.0.0.1 /eblogbeta/Public/Admin/images/bg.png
INFO: [ app_init ] --START--
INFO: Run Behavior\BuildLiteBehavior [ RunTime:0.000000s ]
INFO: [ app_init ] --END-- [ RunTime:0.001000s ]
ERR: æ— æ³•åŠ è½½æ¨¡å—:Public

[ 2016-03-09T14:34:09+08:00 ] 127.0.0.1 /eblogbeta/Public/Admin/images/bg.png
INFO: [ app_init ] --START--
INFO: Run Behavior\BuildLiteBehavior [ RunTime:0.000000s ]
INFO: [ app_init ] --END-- [ RunTime:0.000000s ]
ERR: æ— æ³•åŠ è½½æ¨¡å—:Public

[ 2016-03-09T14:35:37+08:00 ] 127.0.0.1 /eblogbeta/Public/Admin/images/bg.png
INFO: [ app_init ] --START--
INFO: Run Behavior\BuildLiteBehavior [ RunTime:0.000000s ]
INFO: [ app_init ] --END-- [ RunTime:0.001000s ]
ERR: æ— æ³•åŠ è½½æ¨¡å—:Public

[ 2016-03-09T14:35:43+08:00 ] 127.0.0.1 /eblogbeta/Public/Admin/images/bg.png
INFO: [ app_init ] --START--
INFO: Run Behavior\BuildLiteBehavior [ RunTime:0.001000s ]
INFO: [ app_init ] --END-- [ RunTime:0.001000s ]
ERR: æ— æ³•åŠ è½½æ¨¡å—:Public

[ 2016-03-09T14:35:45+08:00 ] 127.0.0.1 /eblogbeta/Public/Admin/images/bg.png
INFO: [ app_init ] --START--
INFO: Run Behavior\BuildLiteBehavior [ RunTime:0.000000s ]
INFO: [ app_init ] --END-- [ RunTime:0.001000s ]
ERR: æ— æ³•åŠ è½½æ¨¡å—:Public

[ 2016-03-09T14:35:46+08:00 ] 127.0.0.1 /eblogbeta/Public/Admin/images/bg.png
INFO: [ app_init ] --START--
INFO: Run Behavior\BuildLiteBehavior [ RunTime:0.000000s ]
INFO: [ app_init ] --END-- [ RunTime:0.000000s ]
ERR: æ— æ³•åŠ è½½æ¨¡å—:Public

[ 2016-03-09T14:35:46+08:00 ] 127.0.0.1 /eblogbeta/Public/Admin/images/bg.png
INFO: [ app_init ] --START--
INFO: Run Behavior\BuildLiteBehavior [ RunTime:0.000000s ]
INFO: [ app_init ] --END-- [ RunTime:0.000000s ]
ERR: æ— æ³•åŠ è½½æ¨¡å—:Public

[ 2016-03-09T14:35:47+08:00 ] 127.0.0.1 /eblogbeta/Public/Admin/images/bg.png
INFO: [ app_init ] --START--
INFO: Run Behavior\BuildLiteBehavior [ RunTime:0.000000s ]
INFO: [ app_init ] --END-- [ RunTime:0.000000s ]
ERR: æ— æ³•åŠ è½½æ¨¡å—:Public

[ 2016-03-09T14:35:47+08:00 ] 127.0.0.1 /eblogbeta/Public/Admin/images/bg.png
INFO: [ app_init ] --START--
INFO: Run Behavior\BuildLiteBehavior [ RunTime:0.000000s ]
INFO: [ app_init ] --END-- [ RunTime:0.001000s ]
ERR: æ— æ³•åŠ è½½æ¨¡å—:Public

[ 2016-03-09T14:35:50+08:00 ] 127.0.0.1 /eblogbeta/Public/Admin/images/bg.png
INFO: [ app_init ] --START--
INFO: Run Behavior\BuildLiteBehavior [ RunTime:0.000000s ]
INFO: [ app_init ] --END-- [ RunTime:0.000000s ]
ERR: æ— æ³•åŠ è½½æ¨¡å—:Public

[ 2016-03-09T14:35:54+08:00 ] 127.0.0.1 /eblogbeta/Public/Admin/images/bg.png
INFO: [ app_init ] --START--
INFO: Run Behavior\BuildLiteBehavior [ RunTime:0.000000s ]
INFO: [ app_init ] --END-- [ RunTime:0.000000s ]
ERR: æ— æ³•åŠ è½½æ¨¡å—:Public

[ 2016-03-09T14:36:01+08:00 ] 127.0.0.1 /eblogbeta/Public/Admin/images/bg.png
INFO: [ app_init ] --START--
INFO: Run Behavior\BuildLiteBehavior [ RunTime:0.000000s ]
INFO: [ app_init ] --END-- [ RunTime:0.001000s ]
ERR: æ— æ³•åŠ è½½æ¨¡å—:Public

[ 2016-03-09T14:36:42+08:00 ] 127.0.0.1 /eblogbeta/Public/Admin/images/bg.png
INFO: [ app_init ] --START--
INFO: Run Behavior\BuildLiteBehavior [ RunTime:0.000000s ]
INFO: [ app_init ] --END-- [ RunTime:0.001000s ]
ERR: æ— æ³•åŠ è½½æ¨¡å—:Public

[ 2016-03-09T14:36:50+08:00 ] 127.0.0.1 /eblogbeta/Public/Admin/images/bg.png
INFO: [ app_init ] --START--
INFO: Run Behavior\BuildLiteBehavior [ RunTime:0.000000s ]
INFO: [ app_init ] --END-- [ RunTime:0.001000s ]
ERR: æ— æ³•åŠ è½½æ¨¡å—:Public

[ 2016-03-09T14:37:14+08:00 ] 127.0.0.1 /eblogbeta/Public/Admin/images/bg.png
INFO: [ app_init ] --START--
INFO: Run Behavior\BuildLiteBehavior [ RunTime:0.000000s ]
INFO: [ app_init ] --END-- [ RunTime:0.000000s ]
ERR: æ— æ³•åŠ è½½æ¨¡å—:Public

[ 2016-03-09T14:37:49+08:00 ] 127.0.0.1 /eblogbeta/Public/Admin/images/bg.png
INFO: [ app_init ] --START--
INFO: Run Behavior\BuildLiteBehavior [ RunTime:0.000000s ]
INFO: [ app_init ] --END-- [ RunTime:0.001001s ]
ERR: æ— æ³•åŠ è½½æ¨¡å—:Public

[ 2016-03-09T14:38:07+08:00 ] 127.0.0.1 /eblogbeta/Public/Admin/images/bg.png
INFO: [ app_init ] --START--
INFO: Run Behavior\BuildLiteBehavior [ RunTime:0.000000s ]
INFO: [ app_init ] --END-- [ RunTime:0.001000s ]
ERR: æ— æ³•åŠ è½½æ¨¡å—:Public

[ 2016-03-09T14:38:59+08:00 ] 127.0.0.1 /eblogbeta/Public/Admin/images/bg.png
INFO: [ app_init ] --START--
INFO: Run Behavior\BuildLiteBehavior [ RunTime:0.000000s ]
INFO: [ app_init ] --END-- [ RunTime:0.001000s ]
ERR: æ— æ³•åŠ è½½æ¨¡å—:Public

[ 2016-03-09T14:39:26+08:00 ] 127.0.0.1 /eblogbeta/Public/Admin/images/bg.png
INFO: [ app_init ] --START--
INFO: Run Behavior\BuildLiteBehavior [ RunTime:0.000000s ]
INFO: [ app_init ] --END-- [ RunTime:0.000000s ]
ERR: æ— æ³•åŠ è½½æ¨¡å—:Public

[ 2016-03-09T14:39:33+08:00 ] 127.0.0.1 /eblogbeta/Public/Admin/images/bg.png
INFO: [ app_init ] --START--
INFO: Run Behavior\BuildLiteBehavior [ RunTime:0.000000s ]
INFO: [ app_init ] --END-- [ RunTime:0.001000s ]
ERR: æ— æ³•åŠ è½½æ¨¡å—:Public

[ 2016-03-09T14:39:34+08:00 ] 127.0.0.1 /eblogbeta/Public/Admin/images/bg.png
INFO: [ app_init ] --START--
INFO: Run Behavior\BuildLiteBehavior [ RunTime:0.001000s ]
INFO: [ app_init ] --END-- [ RunTime:0.001000s ]
ERR: æ— æ³•åŠ è½½æ¨¡å—:Public

[ 2016-03-09T14:39:35+08:00 ] 127.0.0.1 /eblogbeta/Public/Admin/images/bg.png
INFO: [ app_init ] --START--
INFO: Run Behavior\BuildLiteBehavior [ RunTime:0.000000s ]
INFO: [ app_init ] --END-- [ RunTime:0.001000s ]
ERR: æ— æ³•åŠ è½½æ¨¡å—:Public

[ 2016-03-09T14:39:35+08:00 ] 127.0.0.1 /eblogbeta/Public/Admin/images/bg.png
INFO: [ app_init ] --START--
INFO: Run Behavior\BuildLiteBehavior [ RunTime:0.000000s ]
INFO: [ app_init ] --END-- [ RunTime:0.000000s ]
ERR: æ— æ³•åŠ è½½æ¨¡å—:Public

[ 2016-03-09T14:39:36+08:00 ] 127.0.0.1 /eblogbeta/Public/Admin/images/bg.png
INFO: [ app_init ] --START--
INFO: Run Behavior\BuildLiteBehavior [ RunTime:0.000000s ]
INFO: [ app_init ] --END-- [ RunTime:0.001000s ]
ERR: æ— æ³•åŠ è½½æ¨¡å—:Public

[ 2016-03-09T14:39:39+08:00 ] 127.0.0.1 /eblogbeta/Public/Admin/images/bg.png
INFO: [ app_init ] --START--
INFO: Run Behavior\BuildLiteBehavior [ RunTime:0.001000s ]
INFO: [ app_init ] --END-- [ RunTime:0.001000s ]
ERR: æ— æ³•åŠ è½½æ¨¡å—:Public

[ 2016-03-09T14:39:40+08:00 ] 127.0.0.1 /eblogbeta/Public/Admin/images/bg.png
INFO: [ app_init ] --START--
INFO: Run Behavior\BuildLiteBehavior [ RunTime:0.000000s ]
INFO: [ app_init ] --END-- [ RunTime:0.001000s ]
ERR: æ— æ³•åŠ è½½æ¨¡å—:Public

[ 2016-03-09T14:39:41+08:00 ] 127.0.0.1 /eblogbeta/Public/Admin/images/bg.png
INFO: [ app_init ] --START--
INFO: Run Behavior\BuildLiteBehavior [ RunTime:0.000000s ]
INFO: [ app_init ] --END-- [ RunTime:0.001000s ]
ERR: æ— æ³•åŠ è½½æ¨¡å—:Public

[ 2016-03-09T14:39:44+08:00 ] 127.0.0.1 /eblogbeta/Public/Admin/images/bg.png
INFO: [ app_init ] --START--
INFO: Run Behavior\BuildLiteBehavior [ RunTime:0.000000s ]
INFO: [ app_init ] --END-- [ RunTime:0.001000s ]
ERR: æ— æ³•åŠ è½½æ¨¡å—:Public

